0,0,0,0
0,0,1,0
0,0,2,0
0,0,3,0
0,0,4,0
0,0,5,0
0,0,6,0
0,0,7,0
0,0,8,0
0,0,9,0
0,0,10,0
0,0,11,0
0,0,12,0
0,0,13,0
0,0,14,0
0,0,15,0
0,0,16,0
0,0,17,0
0,0,18,0
0,0,19,0
0,0,20,0
0,0,21,0
0,0,22,0
0,0,23,0
0,0,24,0
0,0,25,0
0,0,26,0
0,0,27,0
0,0,28,0
0,0,29,0
0,0,30,0
0,0,31,0
0,0,32,0
0,0,33,0
0,0,34,0
0,0,35,0
0,0,36,0
0,0,37,0
0,0,38,0
0,0,39,0
0,0,40,0
0,0,41,0
0,0,42,0
0,0,43,0
25,0,44,1
25,25,0,1
25,25,1,1
25,25,2,1
25,25,3,1
25,25,4,1
25,25,5,1
25,25,6,1
25,25,7,1
25,25,8,1
25,25,9,1
25,25,10,1
25,25,11,1
25,25,12,1
25,25,13,1
25,25,14,1
25,25,15,1
25,25,16,1
25,25,17,1
25,25,18,1
25,25,19,1
25,25,20,1
25,25,21,1
25,25,22,1
25,25,23,1
25,25,24,1
25,25,25,1
25,25,26,1
25,25,27,1
25,25,28,1
25,25,29,1
25,25,30,1
25,25,31,1
25,25,32,1
25,25,33,1
25,25,34,1
25,25,35,1
25,25,36,1
25,25,37,1
25,25,38,1
25,25,39,1
25,25,40,1
25,25,41,1
25,25,42,1
25,25,43,1
25,25,44,1
25,25,45,1
25,25,46,1
25,25,47,1
25,25,48,1
25,25,49,1
25,25,50,1
25,25,51,1
25,25,52,1
25,25,53,1
25,25,54,1
25,25,55,1
25,25,56,1
25,25,57,1
25,25,58,1
50,25,59,2
50,50,0,2
50,50,1,2
50,50,2,2
50,50,3,2
50,50,4,2
50,50,5,2
50,50,6,2
50,50,7,2
50,50,8,2
50,50,9,2
50,50,10,2
50,50,11,2
50,50,12,2
50,50,13,2
50,50,14,2
50,50,15,2
50,50,16,2
100,50,17,3
100,100,0,4
100,100,1,5
100,100,2,6
100,100,3,7
100,100,4,8
100,100,5,9
100,100,6,10
100,100,7,11
100,100,8,12
100,100,9,13
100,100,10,14
100,100,11,15
100,100,12,16
100,100,13,17
100,100,14,18
100,100,15,19
100,100,16,20
100,100,17,21
100,100,18,22
100,100,19,23
100,100,20,24
100,100,21,25
100,100,22,26
100,100,23,27
100,100,24,28
100,100,25,29
100,100,26,30
100,100,27,31
100,100,28,32
100,100,29,33
100,100,30,34
100,100,31,35
100,100,32,36
100,100,33,37
100,100,34,38
100,100,35,39
100,100,36,39
100,100,37,40
100,100,38,41
100,100,39,42
100,100,40,43
100,100,41,44
75,100,42,45
75,75,0,45
100,75,1,47
100,100,0,48
100,100,1,49
100,100,2,50
100,100,3,51
100,100,4,52
100,100,5,53
100,100,6,54
100,100,7,55
100,100,8,56
100,100,9,57
100,100,10,58
100,100,11,59
100,100,12,60
100,100,13,61
100,100,14,62
100,100,15,62
100,100,16,63
100,100,17,63
100,100,18,63
100,100,19,63
100,100,20,63
100,100,21,63
100,100,22,63
100,100,23,63
100,100,24,63
100,100,25,63
100,100,26,63
100,100,27,63
100,100,28,63
100,100,29,63
100,100,30,63
100,100,31,63
100,100,32,63
100,100,33,63
100,100,34,63
100,100,35,63
100,100,36,63
100,100,37,63
100,100,38,63
100,100,39,63
100,100,40,63
100,100,41,63
100,100,42,63
100,100,43,63
100,100,44,63
100,100,45,63
100,100,46,63
100,100,47,63
100,100,48,63
100,100,49,63
100,100,50,63
100,100,51,63
100,100,52,63
100,100,53,63
100,100,54,63
100,100,55,63
100,100,56,64
100,100,57,64
100,100,58,64
100,100,59,64
100,100,60,64
100,100,61,64
100,100,62,64
100,100,63,64
100,100,64,64
100,100,65,64
100,100,66,64
100,100,67,64
100,100,68,64
100,100,69,64
100,100,70,64
100,100,71,64
100,100,72,64
100,100,73,64
100,100,74,64
100,100,75,64
100,100,76,64
100,100,77,64
100,100,78,64
100,100,79,64
100,100,80,64
100,100,81,64
100,100,82,64
100,100,83,64
100,100,84,64
100,100,85,64
100,100,86,64
100,100,87,64
100,100,88,64
100,100,89,64
100,100,90,64
100,100,91,64
100,100,92,64
100,100,93,64
100,100,94,64
100,100,95,64
100,100,96,64
100,100,97,64
100,100,98,64
100,100,99,64
100,100,100,64
100,100,101,64
100,100,102,64
100,100,103,64
100,100,104,64
100,100,105,64
100,100,106,64
100,100,107,64
100,100,108,64
100,100,109,64
100,100,110,64
100,100,111,64
100,100,112,64
100,100,113,64
100,100,114,64
100,100,115,64
0,100,116,65
0,0,0,65
0,0,1,65
0,0,2,65
0,0,3,65
0,0,4,65
0,0,5,65
0,0,6,65
0,0,7,65
0,0,8,65
0,0,9,65
0,0,10,65
0,0,11,65
0,0,12,65
0,0,13,65
0,0,14,65
0,0,15,65
0,0,16,65
0,0,17,65
0,0,18,65
0,0,19,65
0,0,20,65
0,0,21,65
0,0,22,65
0,0,23,65
0,0,24,65
0,0,25,65
0,0,26,65
0,0,27,65
0,0,28,65
0,0,29,65
0,0,30,65
0,0,31,65
0,0,32,65
0,0,33,65
0,0,34,65
0,0,35,65
0,0,36,65
0,0,37,65
0,0,38,65
0,0,39,65
0,0,40,65
0,0,41,65
0,0,42,65
0,0,43,65
0,0,44,65
0,0,45,65
0,0,46,65
0,0,47,65
0,0,48,65
0,0,49,65
0,0,50,65
0,0,51,65
0,0,52,65
0,0,53,65
0,0,54,65
0,0,55,65
0,0,56,65
0,0,57,65
0,0,58,65
25,0,59,66
25,25,0,66
25,25,1,66
25,25,2,66
25,25,3,66
25,25,4,66
25,25,5,66
25,25,6,66
25,25,7,66
25,25,8,66
25,25,9,66
25,25,10,66
25,25,11,66
25,25,12,66
25,25,13,66
25,25,14,66
25,25,15,66
25,25,16,66
25,25,17,66
25,25,18,66
25,25,19,66
25,25,20,66
25,25,21,66
25,25,22,66
25,25,23,66
25,25,24,66
25,25,25,66
25,25,26,66
25,25,27,66
25,25,28,66
25,25,29,66
25,25,30,66
25,25,31,66
25,25,32,66
25,25,33,66
25,25,34,66
25,25,35,66
25,25,36,66
25,25,37,66
25,25,38,66
25,25,39,66
25,25,40,66
25,25,41,66
25,25,42,66
25,25,43,66
25,25,44,66
25,25,45,66
25,25,46,66
25,25,47,66
25,25,48,66
25,25,49,66
25,25,50,66
25,25,51,66
25,25,52,66
25,25,53,66
25,25,54,66
25,25,55,66
25,25,56,66
25,25,57,66
25,25,58,66
50,25,59,67
50,50,0,67
50,50,1,67
50,50,2,67
50,50,3,67
50,50,4,67
50,50,5,67
50,50,6,67
50,50,7,67
50,50,8,67
50,50,9,67
50,50,10,67
50,50,11,67
50,50,12,67
50,50,13,67
50,50,14,67
50,50,15,67
50,50,16,67
50,50,17,67
50,50,18,67
50,50,19,67
50,50,20,67
50,50,21,67
50,50,22,67
50,50,23,67
50,50,24,67
50,50,25,67
50,50,26,67
50,50,27,67
50,50,28,67
50,50,29,67
50,50,30,67
50,50,31,67
50,50,32,67
50,50,33,67
50,50,34,67
50,50,35,67
50,50,36,67
50,50,37,67
50,50,38,67
50,50,39,67
50,50,40,67
50,50,41,67
50,50,42,67
50,50,43,67
50,50,44,67
50,50,45,67
50,50,46,67
50,50,47,67
50,50,48,67
50,50,49,67
50,50,50,67
50,50,51,67
50,50,52,67
50,50,53,67
50,50,54,67
50,50,55,67
50,50,56,67
50,50,57,67
50,50,58,67
75,50,59,68
75,75,0,68
75,75,1,68
75,75,2,68
75,75,3,68
75,75,4,68
75,75,5,68
75,75,6,68
75,75,7,68
75,75,8,68
75,75,9,68
75,75,10,68
75,75,11,68
75,75,12,68
75,75,13,68
75,75,14,68
75,75,15,68
75,75,16,68
75,75,17,68
75,75,18,68
75,75,19,68
75,75,20,68
75,75,21,68
75,75,22,68
75,75,23,68
75,75,24,68
100,75,25,69
100,100,0,70
100,100,1,71
100,100,2,72
100,100,3,73
100,100,4,74
100,100,5,75
100,100,6,76
100,100,7,77
100,100,8,78
100,100,9,79
100,100,10,80
100,100,11,81
100,100,12,82
100,100,13,83
100,100,14,84
100,100,15,85
100,100,16,86
100,100,17,87
100,100,18,88
100,100,19,89
100,100,20,90
100,100,21,91
100,100,22,92
100,100,23,93
100,100,24,94
100,100,25,95
100,100,26,96
100,100,27,97
100,100,28,98
100,100,29,99
100,100,30,100
100,100,31,101
100,100,32,102
100,100,33,103
100,100,34,104
100,100,35,104
100,100,36,105
100,100,37,106
100,100,38,107
100,100,39,108
100,100,40,109
100,100,41,110
100,100,42,111
100,100,43,112
100,100,44,113
100,100,45,114
100,100,46,115
100,100,47,116
100,100,48,117
100,100,49,118
100,100,50,119
100,100,51,120
100,100,52,121
100,100,53,122
100,100,54,123
100,100,55,124
100,100,56,125
100,100,57,126
100,100,58,127
100,100,59,128
100,100,60,129
100,100,61,129
100,100,62,129
100,100,63,129
100,100,64,129
100,100,65,129
100,100,66,129
100,100,67,129
100,100,68,129
100,100,69,129
100,100,70,129
100,100,71,129
100,100,72,129
100,100,73,129
100,100,74,129
100,100,75,129
100,100,76,129
100,100,77,129
100,100,78,129
100,100,79,129
100,100,80,129
100,100,81,129
100,100,82,129
100,100,83,129
100,100,84,129
100,100,85,129
100,100,86,129
100,100,87,129
100,100,88,129
100,100,89,129
100,100,90,129
100,100,91,129
100,100,92,129
0,100,93,130
0,0,0,130
0,0,1,130
0,0,2,130
0,0,3,130
0,0,4,130
0,0,5,130
0,0,6,130
0,0,7,130
0,0,8,130
0,0,9,130
0,0,10,130
0,0,11,130
0,0,12,130
0,0,13,130
0,0,14,130
0,0,15,130
0,0,16,130
0,0,17,130
0,0,18,130
0,0,19,130
0,0,20,130
0,0,21,130
0,0,22,130
0,0,23,130
0,0,24,130
0,0,25,130
0,0,26,130
0,0,27,130
0,0,28,130
0,0,29,130
0,0,30,130
0,0,31,130
0,0,32,130
0,0,33,130
0,0,34,130
0,0,35,130
0,0,36,130
0,0,37,130
0,0,38,130
0,0,39,130
0,0,40,130
0,0,41,130
0,0,42,130
0,0,43,130
0,0,44,130
0,0,45,130
0,0,46,130
0,0,47,130
0,0,48,130
0,0,49,130
0,0,50,130
0,0,51,130
0,0,52,130
0,0,53,130
0,0,54,130
0,0,55,130
0,0,56,130
0,0,57,130
0,0,58,130
25,0,59,131
25,25,0,131
25,25,1,131
25,25,2,131
25,25,3,131
25,25,4,131
25,25,5,131
25,25,6,131
25,25,7,131
25,25,8,131
25,25,9,131
25,25,10,131
25,25,11,131
25,25,12,131
25,25,13,131
25,25,14,131
25,25,15,131
25,25,16,131
25,25,17,131
25,25,18,131
25,25,19,131
25,25,20,131
25,25,21,131
25,25,22,131
25,25,23,131
25,25,24,131
25,25,25,131
25,25,26,131
25,25,27,131
25,25,28,131
25,25,29,131
25,25,30,131
25,25,31,131
25,25,32,131
25,25,33,131
25,25,34,131
25,25,35,131
25,25,36,131
25,25,37,131
25,25,38,131
25,25,39,131
25,25,40,131
25,25,41,131
25,25,42,131
25,25,43,131
25,25,44,131
25,25,45,131
25,25,46,131
25,25,47,131
25,25,48,131
25,25,49,131
25,25,50,131
25,25,51,131
25,25,52,131
25,25,53,131
25,25,54,131
25,25,55,131
25,25,56,131
25,25,57,131
25,25,58,131
50,25,59,132
50,50,0,132
50,50,1,132
50,50,2,132
50,50,3,132
50,50,4,132
50,50,5,132
50,50,6,132
50,50,7,132
50,50,8,132
50,50,9,132
50,50,10,132
50,50,11,132
50,50,12,132
50,50,13,132
50,50,14,132
50,50,15,132
50,50,16,132
50,50,17,132
50,50,18,132
50,50,19,132
50,50,20,132
50,50,21,132
50,50,22,132
50,50,23,132
50,50,24,132
50,50,25,132
50,50,26,132
50,50,27,132
50,50,28,132
50,50,29,132
50,50,30,132
50,50,31,132
50,50,32,132
50,50,33,132
50,50,34,132
50,50,35,132
50,50,36,132
50,50,37,132
50,50,38,132
50,50,39,132
50,50,40,132
50,50,41,132
50,50,42,132
50,50,43,132
50,50,44,132
50,50,45,132
50,50,46,132
50,50,47,132
50,50,48,132
50,50,49,132
50,50,50,132
50,50,51,132
50,50,52,132
50,50,53,132
50,50,54,132
50,50,55,132
50,50,56,132
50,50,57,132
50,50,58,132
75,50,59,133
75,75,0,133
75,75,1,133
75,75,2,133
75,75,3,133
75,75,4,133
75,75,5,133
75,75,6,133
75,75,7,133
75,75,8,133
75,75,9,133
75,75,10,133
75,75,11,133
75,75,12,133
75,75,13,133
75,75,14,133
75,75,15,133
75,75,16,133
75,75,17,133
75,75,18,133
75,75,19,133
75,75,20,133
75,75,21,133
75,75,22,133
75,75,23,133
75,75,24,133
75,75,25,133
75,75,26,133
75,75,27,133
75,75,28,133
75,75,29,133
75,75,30,133
75,75,31,133
75,75,32,133
75,75,33,133
75,75,34,133
75,75,35,133
75,75,36,133
75,75,37,133
75,75,38,133
75,75,39,133
75,75,40,133
75,75,41,133
75,75,42,133
75,75,43,133
75,75,44,133
75,75,45,133
75,75,46,133
75,75,47,133
75,75,48,133
75,75,49,133
75,75,50,133
75,75,51,133
75,75,52,133
75,75,53,133
75,75,54,133
75,75,55,133
75,75,56,133
75,75,57,133
75,75,58,133
100,75,59,134
100,100,0,134
100,100,1,134
100,100,2,134
100,100,3,134
100,100,4,134
100,100,5,134
100,100,6,134
100,100,7,134
100,100,8,134
100,100,9,134
100,100,10,134
100,100,11,134
100,100,12,134
100,100,13,134
100,100,14,134
100,100,15,134
100,100,16,134
100,100,17,134
100,100,18,134
100,100,19,134
100,100,20,134
100,100,21,134
100,100,22,134
100,100,23,134
100,100,24,134
100,100,25,134
100,100,26,134
100,100,27,134
100,100,28,134
100,100,29,134
100,100,30,134
100,100,31,134
100,100,32,135
100,100,33,136
100,100,34,137
100,100,35,138
100,100,36,139
100,100,37,140
100,100,38,141
100,100,39,142
100,100,40,143
100,100,41,144
100,100,42,145
100,100,43,146
100,100,44,147
100,100,45,147
100,100,46,148
100,100,47,149
100,100,48,150
100,100,49,151
100,100,50,152
100,100,51,153
100,100,52,154
100,100,53,155
100,100,54,156
100,100,55,157
100,100,56,158
100,100,57,159
100,100,58,160
100,100,59,161
0,100,60,162
0,0,0,162
100,0,1,164
100,100,0,165
100,100,1,166
100,100,2,167
100,100,3,168
100,100,4,169
100,100,5,170
100,100,6,171
100,100,7,172
100,100,8,173
100,100,9,174
100,100,10,174
100,100,11,175
100,100,12,176
100,100,13,177
100,100,14,178
100,100,15,179
100,100,16,180
100,100,17,181
100,100,18,182
100,100,19,183
100,100,20,184
100,100,21,185
100,100,22,186
100,100,23,187
100,100,24,188
100,100,25,189
100,100,26,190
100,100,27,190
100,100,28,191
100,100,29,192
100,100,30,193
100,100,31,194
100,100,32,195
100,100,33,195
100,100,34,195
100,100,35,195
100,100,36,195
100,100,37,195
100,100,38,195
100,100,39,195
100,100,40,195
100,100,41,195
100,100,42,195
100,100,43,195
100,100,44,195
100,100,45,195
100,100,46,195
100,100,47,195
100,100,48,195
100,100,49,195
100,100,50,195
100,100,51,195
100,100,52,195
100,100,53,195
100,100,54,195
100,100,55,195
25,100,56,196
25,25,0,196
25,25,1,196
25,25,2,196
25,25,3,196
25,25,4,196
25,25,5,196
25,25,6,196
25,25,7,196
25,25,8,196
25,25,9,196
25,25,10,196
25,25,11,196
25,25,12,196
25,25,13,196
25,25,14,196
25,25,15,196
25,25,16,196
25,25,17,196
25,25,18,196
25,25,19,196
25,25,20,196
25,25,21,196
25,25,22,196
25,25,23,196
25,25,24,196
25,25,25,196
25,25,26,196
25,25,27,196
25,25,28,196
25,25,29,196
25,25,30,196
25,25,31,196
25,25,32,196
25,25,33,196
25,25,34,196
25,25,35,196
25,25,36,196
25,25,37,196
25,25,38,196
25,25,39,196
25,25,40,196
25,25,41,196
25,25,42,196
25,25,43,196
25,25,44,196
25,25,45,196
25,25,46,196
25,25,47,196
25,25,48,196
25,25,49,196
25,25,50,196
25,25,51,196
25,25,52,196
25,25,53,196
25,25,54,196
25,25,55,196
25,25,56,196
25,25,57,196
25,25,58,196
50,25,59,197
50,50,0,197
50,50,1,197
50,50,2,197
50,50,3,197
50,50,4,197
50,50,5,197
50,50,6,197
50,50,7,197
50,50,8,197
50,50,9,197
50,50,10,197
50,50,11,197
50,50,12,197
50,50,13,197
50,50,14,197
50,50,15,197
50,50,16,197
50,50,17,197
50,50,18,197
50,50,19,197
50,50,20,197
50,50,21,197
50,50,22,197
50,50,23,197
50,50,24,197
50,50,25,197
50,50,26,197
50,50,27,197
50,50,28,197
50,50,29,197
50,50,30,197
50,50,31,197
50,50,32,197
50,50,33,197
50,50,34,197
50,50,35,197
50,50,36,197
50,50,37,197
50,50,38,197
50,50,39,197
50,50,40,197
50,50,41,197
50,50,42,197
50,50,43,197
50,50,44,197
50,50,45,197
50,50,46,197
50,50,47,197
50,50,48,197
50,50,49,197
50,50,50,197
50,50,51,197
50,50,52,197
50,50,53,197
50,50,54,197
50,50,55,197
50,50,56,197
50,50,57,197
50,50,58,197
75,50,59,198
75,75,0,198
75,75,1,198
75,75,2,198
75,75,3,198
75,75,4,198
75,75,5,198
75,75,6,198
75,75,7,198
75,75,8,198
75,75,9,198
75,75,10,198
75,75,11,198
75,75,12,198
75,75,13,198
75,75,14,198
75,75,15,198
75,75,16,198
75,75,17,198
75,75,18,198
75,75,19,198
75,75,20,198
75,75,21,198
75,75,22,198
75,75,23,198
75,75,24,198
75,75,25,198
75,75,26,198
75,75,27,198
75,75,28,198
75,75,29,198
75,75,30,198
75,75,31,198
75,75,32,198
75,75,33,198
75,75,34,198
75,75,35,198
75,75,36,198
75,75,37,198
75,75,38,198
75,75,39,198
75,75,40,198
75,75,41,198
75,75,42,198
75,75,43,198
75,75,44,198
75,75,45,198
75,75,46,198
75,75,47,198
75,75,48,198
75,75,49,198
75,75,50,198
75,75,51,198
75,75,52,198
75,75,53,198
75,75,54,198
75,75,55,198
75,75,56,198
75,75,57,198
75,75,58,198
100,75,59,199
100,100,0,199
100,100,1,199
100,100,2,199
100,100,3,199
100,100,4,199
100,100,5,199
100,100,6,199
100,100,7,199
100,100,8,199
100,100,9,199
100,100,10,199
100,100,11,199
100,100,12,199
100,100,13,199
100,100,14,199
100,100,15,199
100,100,16,199
100,100,17,199
100,100,18,199
100,100,19,199
100,100,20,199
100,100,21,199
100,100,22,199
100,100,23,199
100,100,24,199
100,100,25,199
100,100,26,199
100,100,27,199
100,100,28,199
100,100,29,199
100,100,30,199
100,100,31,199
100,100,32,199
100,100,33,199
100,100,34,199
100,100,35,199
100,100,36,199
100,100,37,199
100,100,38,199
100,100,39,199
100,100,40,199
100,100,41,199
100,100,42,199
100,100,43,199
100,100,44,199
100,100,45,199
100,100,46,199
100,100,47,199
100,100,48,199
100,100,49,199
100,100,50,199
100,100,51,199
100,100,52,199
100,100,53,199
100,100,54,199
100,100,55,199
100,100,56,199
100,100,57,199
100,100,58,199
0,100,59,200
0,0,0,200
0,0,1,200
0,0,2,200
0,0,3,200
0,0,4,200
0,0,5,200
0,0,6,200
0,0,7,200
0,0,8,200
0,0,9,200
0,0,10,200
0,0,11,200
0,0,12,200
0,0,13,200
0,0,14,200
0,0,15,200
0,0,16,200
0,0,17,200
0,0,18,200
0,0,19,200
0,0,20,200
0,0,21,200
0,0,22,200
0,0,23,200
0,0,24,200
0,0,25,200
0,0,26,200
0,0,27,200
0,0,28,200
0,0,29,200
0,0,30,200
0,0,31,200
0,0,32,200
0,0,33,200
0,0,34,200
0,0,35,200
0,0,36,200
0,0,37,200
0,0,38,200
0,0,39,200
0,0,40,200
100,0,41,201
100,100,0,202
100,100,1,203
100,100,2,204
100,100,3,205
100,100,4,206
100,100,5,207
100,100,6,208
100,100,7,209
100,100,8,210
100,100,9,211
100,100,10,212
100,100,11,213
100,100,12,214
100,100,13,215
100,100,14,216
100,100,15,217
100,100,16,218
100,100,17,219
25,100,18,220
25,25,0,220
100,25,1,221
100,100,0,222
100,100,1,223
100,100,2,224
100,100,3,225
100,100,4,226
100,100,5,227
100,100,6,228
100,100,7,229
100,100,8,230
100,100,9,231
100,100,10,232
100,100,11,233
100,100,12,234
100,100,13,235
100,100,14,236
100,100,15,237
100,100,16,238
100,100,17,239
100,100,18,240
100,100,19,241
100,100,20,242
100,100,21,243
100,100,22,244
100,100,23,245
100,100,24,246
100,100,25,247
100,100,26,248
100,100,27,249
100,100,28,250
100,100,29,251
100,100,30,252
100,100,31,253
100,100,32,254
100,100,33,255
100,100,34,256
100,100,35,257
100,100,36,258
100,100,37,259
100,100,38,259
100,100,39,260
100,100,40,261
100,100,41,261
100,100,42,261
100,100,43,261
100,100,44,261
100,100,45,261
100,100,46,261
100,100,47,261
100,100,48,261
100,100,49,261
100,100,50,261
100,100,51,261
100,100,52,261
100,100,53,261
100,100,54,261
100,100,55,261
50,100,56,262
50,50,0,262
50,50,1,262
50,50,2,262
50,50,3,262
50,50,4,262
50,50,5,262
50,50,6,262
50,50,7,262
50,50,8,262
50,50,9,262
50,50,10,262
50,50,11,262
50,50,12,262
50,50,13,262
50,50,14,262
50,50,15,262
50,50,16,262
50,50,17,262
50,50,18,262
50,50,19,262
50,50,20,262
50,50,21,262
50,50,22,262
50,50,23,262
50,50,24,262
50,50,25,262
50,50,26,262
50,50,27,262
50,50,28,262
50,50,29,262
50,50,30,262
50,50,31,262
50,50,32,262
50,50,33,262
50,50,34,262
50,50,35,262
50,50,36,262
50,50,37,262
50,50,38,262
50,50,39,262
50,50,40,262
50,50,41,262
50,50,42,262
50,50,43,262
50,50,44,262
50,50,45,262
50,50,46,262
50,50,47,262
50,50,48,262
50,50,49,262
50,50,50,262
50,50,51,262
50,50,52,262
50,50,53,262
50,50,54,262
50,50,55,262
50,50,56,262
50,50,57,262
50,50,58,262
75,50,59,263
75,75,0,263
75,75,1,263
75,75,2,263
75,75,3,263
75,75,4,263
75,75,5,263
75,75,6,263
75,75,7,263
75,75,8,263
75,75,9,263
75,75,10,263
75,75,11,263
75,75,12,263
75,75,13,263
75,75,14,263
75,75,15,263
75,75,16,263
75,75,17,263
75,75,18,263
75,75,19,263
75,75,20,263
75,75,21,263
75,75,22,263
75,75,23,263
75,75,24,263
75,75,25,263
75,75,26,263
75,75,27,263
75,75,28,263
75,75,29,263
75,75,30,263
75,75,31,263
75,75,32,263
75,75,33,263
75,75,34,263
75,75,35,263
75,75,36,263
75,75,37,263
75,75,38,263
75,75,39,263
75,75,40,263
75,75,41,263
75,75,42,263
75,75,43,263
75,75,44,263
75,75,45,263
75,75,46,263
75,75,47,263
75,75,48,263
75,75,49,263
75,75,50,263
75,75,51,263
75,75,52,263
75,75,53,263
75,75,54,263
75,75,55,263
75,75,56,263
75,75,57,263
75,75,58,263
100,75,59,264
100,100,0,264
100,100,1,264
100,100,2,264
100,100,3,264
100,100,4,264
100,100,5,264
100,100,6,264
100,100,7,264
100,100,8,264
100,100,9,264
100,100,10,264
100,100,11,264
100,100,12,264
100,100,13,264
100,100,14,264
100,100,15,264
100,100,16,264
100,100,17,264
100,100,18,264
100,100,19,264
100,100,20,264
100,100,21,264
100,100,22,264
100,100,23,264
100,100,24,264
100,100,25,264
100,100,26,264
100,100,27,264
100,100,28,264
100,100,29,264
100,100,30,264
100,100,31,264
100,100,32,264
100,100,33,264
100,100,34,264
100,100,35,264
100,100,36,264
100,100,37,264
100,100,38,264
100,100,39,264
100,100,40,264
100,100,41,264
100,100,42,264
100,100,43,264
100,100,44,264
100,100,45,264
100,100,46,264
100,100,47,264
100,100,48,264
100,100,49,264
100,100,50,264
100,100,51,264
100,100,52,264
100,100,53,264
100,100,54,264
100,100,55,264
100,100,56,264
100,100,57,264
100,100,58,264
0,100,59,265
0,0,0,265
0,0,1,265
0,0,2,265
0,0,3,265
0,0,4,265
0,0,5,265
0,0,6,265
0,0,7,265
0,0,8,265
0,0,9,265
0,0,10,265
0,0,11,265
0,0,12,265
0,0,13,265
0,0,14,265
0,0,15,265
0,0,16,265
0,0,17,265
0,0,18,265
0,0,19,265
0,0,20,265
0,0,21,265
0,0,22,265
0,0,23,265
0,0,24,265
0,0,25,265
0,0,26,265
0,0,27,265
0,0,28,265
0,0,29,265
0,0,30,265
0,0,31,265
0,0,32,265
0,0,33,265
0,0,34,265
0,0,35,265
0,0,36,265
0,0,37,265
0,0,38,265
0,0,39,265
0,0,40,265
0,0,41,265
0,0,42,265
0,0,43,265
0,0,44,265
0,0,45,265
0,0,46,265
0,0,47,265
0,0,48,265
0,0,49,265
0,0,50,265
0,0,51,265
0,0,52,265
0,0,53,265
0,0,54,265
0,0,55,265
0,0,56,265
0,0,57,265
0,0,58,265
25,0,59,266
25,25,0,266
25,25,1,266
25,25,2,266
25,25,3,266
25,25,4,266
25,25,5,266
25,25,6,266
25,25,7,266
25,25,8,266
25,25,9,266
25,25,10,266
25,25,11,266
25,25,12,266
25,25,13,266
25,25,14,266
25,25,15,266
25,25,16,266
25,25,17,266
25,25,18,266
25,25,19,266
25,25,20,266
25,25,21,266
25,25,22,266
25,25,23,266
25,25,24,266
25,25,25,266
25,25,26,266
25,25,27,266
25,25,28,266
25,25,29,266
25,25,30,266
25,25,31,266
25,25,32,266
25,25,33,266
25,25,34,266
25,25,35,266
25,25,36,266
25,25,37,266
25,25,38,266
25,25,39,266
25,25,40,266
25,25,41,266
25,25,42,266
25,25,43,266
25,25,44,266
25,25,45,266
25,25,46,266
25,25,47,266
25,25,48,266
100,25,49,267
100,100,0,268
100,100,1,269
100,100,2,270
100,100,3,271
100,100,4,272
100,100,5,273
100,100,6,274
100,100,7,275
100,100,8,276
100,100,9,277
50,100,10,278
50,50,0,278
100,50,1,280
100,100,0,281
100,100,1,282
100,100,2,283
100,100,3,284
100,100,4,285
100,100,5,286
100,100,6,287
100,100,7,288
100,100,8,289
100,100,9,290
100,100,10,290
100,100,11,291
100,100,12,292
100,100,13,293
100,100,14,294
100,100,15,295
100,100,16,296
100,100,17,297
100,100,18,298
100,100,19,299
100,100,20,300
100,100,21,301
100,100,22,302
100,100,23,303
100,100,24,304
100,100,25,305
100,100,26,306
100,100,27,307
100,100,28,308
100,100,29,309
100,100,30,310
100,100,31,311
100,100,32,312
100,100,33,313
100,100,34,314
100,100,35,315
100,100,36,316
100,100,37,317
100,100,38,318
100,100,39,319
100,100,40,320
100,100,41,321
100,100,42,322
100,100,43,323
100,100,44,324
100,100,45,325
100,100,46,326
100,100,47,327
100,100,48,327
100,100,49,327
100,100,50,327
100,100,51,327
100,100,52,327
100,100,53,327
100,100,54,327
100,100,55,327
75,100,56,328
75,75,0,328
75,75,1,328
75,75,2,328
75,75,3,328
75,75,4,328
75,75,5,328
75,75,6,328
75,75,7,328
75,75,8,328
75,75,9,328
75,75,10,328
75,75,11,328
75,75,12,328
75,75,13,328
75,75,14,328
75,75,15,328
75,75,16,328
75,75,17,328
75,75,18,328
75,75,19,328
75,75,20,328
75,75,21,328
75,75,22,328
75,75,23,328
75,75,24,328
75,75,25,328
75,75,26,328
75,75,27,328
75,75,28,328
75,75,29,328
75,75,30,328
75,75,31,328
75,75,32,328
75,75,33,328
75,75,34,328
75,75,35,328
75,75,36,328
75,75,37,328
75,75,38,328
75,75,39,328
75,75,40,328
75,75,41,328
75,75,42,328
75,75,43,328
75,75,44,328
75,75,45,328
75,75,46,328
75,75,47,328
75,75,48,328
75,75,49,328
75,75,50,328
75,75,51,328
75,75,52,328
75,75,53,328
75,75,54,328
75,75,55,328
75,75,56,328
75,75,57,328
75,75,58,328
100,75,59,329
100,100,0,329
100,100,1,329
100,100,2,329
100,100,3,329
100,100,4,329
100,100,5,329
100,100,6,329
100,100,7,329
100,100,8,329
100,100,9,329
100,100,10,329
100,100,11,329
100,100,12,329
100,100,13,329
100,100,14,329
100,100,15,329
100,100,16,329
100,100,17,329
100,100,18,329
100,100,19,329
100,100,20,329
100,100,21,329
100,100,22,329
100,100,23,329
100,100,24,329
100,100,25,329
100,100,26,329
100,100,27,329
100,100,28,329
100,100,29,329
100,100,30,329
100,100,31,329
100,100,32,329
100,100,33,329
100,100,34,329
100,100,35,329
100,100,36,329
100,100,37,329
100,100,38,329
100,100,39,329
100,100,40,329
100,100,41,329
100,100,42,329
100,100,43,329
100,100,44,329
100,100,45,329
100,100,46,329
100,100,47,329
100,100,48,329
100,100,49,329
100,100,50,329
100,100,51,329
100,100,52,329
100,100,53,329
100,100,54,329
100,100,55,329
100,100,56,329
100,100,57,329
100,100,58,329
0,100,59,330
0,0,0,330
0,0,1,330
0,0,2,330
0,0,3,330
0,0,4,330
0,0,5,330
0,0,6,330
0,0,7,330
0,0,8,330
0,0,9,330
0,0,10,330
0,0,11,330
0,0,12,330
0,0,13,330
0,0,14,330
0,0,15,330
0,0,16,330
0,0,17,330
0,0,18,330
0,0,19,330
0,0,20,330
0,0,21,330
0,0,22,330
0,0,23,330
0,0,24,330
0,0,25,330
0,0,26,330
0,0,27,330
0,0,28,330
0,0,29,330
0,0,30,330
0,0,31,330
0,0,32,330
0,0,33,330
0,0,34,330
0,0,35,330
0,0,36,330
0,0,37,330
0,0,38,330
0,0,39,330
0,0,40,330
0,0,41,330
0,0,42,330
0,0,43,330
0,0,44,330
0,0,45,330
0,0,46,330
0,0,47,330
0,0,48,330
0,0,49,330
0,0,50,330
0,0,51,330
0,0,52,330
0,0,53,330
0,0,54,330
0,0,55,330
0,0,56,330
0,0,57,330
0,0,58,330
25,0,59,331
25,25,0,331
25,25,1,331
25,25,2,331
25,25,3,331
25,25,4,331
25,25,5,331
25,25,6,331
25,25,7,331
25,25,8,331
25,25,9,331
25,25,10,331
25,25,11,331
25,25,12,331
25,25,13,331
25,25,14,331
25,25,15,331
25,25,16,331
25,25,17,331
25,25,18,331
25,25,19,331
25,25,20,331
25,25,21,331
25,25,22,331
25,25,23,331
25,25,24,331
25,25,25,331
25,25,26,331
25,25,27,331
25,25,28,331
25,25,29,331
25,25,30,331
25,25,31,331
25,25,32,331
25,25,33,331
25,25,34,331
25,25,35,331
25,25,36,331
25,25,37,331
25,25,38,331
25,25,39,331
25,25,40,331
25,25,41,331
25,25,42,331
25,25,43,331
25,25,44,331
25,25,45,331
25,25,46,331
25,25,47,331
25,25,48,331
25,25,49,331
25,25,50,331
25,25,51,331
25,25,52,331
25,25,53,331
25,25,54,331
25,25,55,331
25,25,56,331
25,25,57,331
25,25,58,331
50,25,59,332
50,50,0,332
50,50,1,332
50,50,2,332
50,50,3,332
50,50,4,332
50,50,5,332
50,50,6,332
50,50,7,332
50,50,8,332
50,50,9,332
50,50,10,332
50,50,11,332
50,50,12,332
50,50,13,332
50,50,14,332
50,50,15,332
50,50,16,332
50,50,17,332
50,50,18,332
50,50,19,332
50,50,20,332
50,50,21,332
50,50,22,332
50,50,23,332
50,50,24,332
50,50,25,332
50,50,26,332
50,50,27,332
50,50,28,332
50,50,29,332
50,50,30,332
50,50,31,332
50,50,32,332
50,50,33,332
50,50,34,332
50,50,35,332
50,50,36,332
50,50,37,332
50,50,38,332
50,50,39,332
50,50,40,332
50,50,41,332
50,50,42,332
50,50,43,332
50,50,44,332
50,50,45,332
50,50,46,332
50,50,47,332
50,50,48,332
50,50,49,332
50,50,50,332
50,50,51,332
50,50,52,332
50,50,53,332
50,50,54,332
50,50,55,332
100,50,56,333
100,100,0,334
100,100,1,335
100,100,2,336
75,100,3,337
75,75,0,337
100,75,1,338
100,100,0,339
100,100,1,340
100,100,2,341
100,100,3,342
100,100,4,343
100,100,5,344
100,100,6,345
100,100,7,346
100,100,8,347
100,100,9,348
100,100,10,349
100,100,11,350
100,100,12,351
100,100,13,352
100,100,14,353
100,100,15,354
100,100,16,355
100,100,17,356
100,100,18,357
100,100,19,358
100,100,20,359
100,100,21,360
100,100,22,361
100,100,23,362
100,100,24,363
100,100,25,364
100,100,26,365
100,100,27,366
100,100,28,367
100,100,29,368
100,100,30,369
100,100,31,370
100,100,32,371
100,100,33,372
100,100,34,373
100,100,35,374
100,100,36,375
100,100,37,376
100,100,38,377
100,100,39,378
100,100,40,379
100,100,41,380
100,100,42,381
100,100,43,382
100,100,44,383
100,100,45,384
100,100,46,385
100,100,47,386
100,100,48,387
100,100,49,388
100,100,50,389
100,100,51,390
100,100,52,390
100,100,53,391
100,100,54,392
100,100,55,392
100,100,56,394
100,100,57,394
100,100,58,394
100,100,59,394
100,100,60,394
100,100,61,394
100,100,62,394
100,100,63,394
100,100,64,394
100,100,65,394
100,100,66,394
100,100,67,394
100,100,68,394
100,100,69,394
100,100,70,394
100,100,71,394
100,100,72,394
100,100,73,394
100,100,74,394
100,100,75,394
100,100,76,394
100,100,77,394
100,100,78,394
100,100,79,394
100,100,80,394
100,100,81,394
100,100,82,394
100,100,83,394
100,100,84,394
100,100,85,394
100,100,86,394
100,100,87,394
100,100,88,394
100,100,89,394
100,100,90,394
100,100,91,394
100,100,92,394
100,100,93,394
100,100,94,394
100,100,95,394
100,100,96,394
100,100,97,394
100,100,98,394
100,100,99,394
100,100,100,394
100,100,101,394
100,100,102,394
100,100,103,394
100,100,104,394
100,100,105,394
100,100,106,394
100,100,107,394
100,100,108,394
100,100,109,394
100,100,110,394
100,100,111,394
100,100,112,394
100,100,113,394
100,100,114,394
100,100,115,394
0,100,116,395
0,0,0,395
0,0,1,395
0,0,2,395
0,0,3,395
0,0,4,395
0,0,5,395
0,0,6,395
0,0,7,395
0,0,8,395
0,0,9,395
0,0,10,395
0,0,11,395
0,0,12,395
0,0,13,395
0,0,14,395
0,0,15,395
0,0,16,395
0,0,17,395
0,0,18,395
0,0,19,395
0,0,20,395
0,0,21,395
0,0,22,395
0,0,23,395
0,0,24,395
0,0,25,395
0,0,26,395
0,0,27,395
0,0,28,395
0,0,29,395
0,0,30,395
0,0,31,395
0,0,32,395
0,0,33,395
0,0,34,395
0,0,35,395
0,0,36,395
0,0,37,395
0,0,38,395
0,0,39,395
0,0,40,395
0,0,41,395
0,0,42,395
0,0,43,395
0,0,44,395
0,0,45,395
0,0,46,395
0,0,47,395
0,0,48,395
0,0,49,395
0,0,50,395
0,0,51,395
0,0,52,395
0,0,53,395
0,0,54,395
0,0,55,395
0,0,56,395
0,0,57,395
0,0,58,395
25,0,59,396
25,25,0,396
25,25,1,396
25,25,2,396
25,25,3,396
25,25,4,396
25,25,5,396
25,25,6,396
25,25,7,396
25,25,8,396
25,25,9,396
25,25,10,396
25,25,11,396
25,25,12,396
25,25,13,396
25,25,14,396
25,25,15,396
25,25,16,396
25,25,17,396
25,25,18,396
25,25,19,396
25,25,20,396
25,25,21,396
25,25,22,396
25,25,23,396
25,25,24,396
25,25,25,396
25,25,26,396
25,25,27,396
25,25,28,396
25,25,29,396
25,25,30,396
25,25,31,396
25,25,32,396
25,25,33,396
25,25,34,396
25,25,35,396
25,25,36,396
25,25,37,396
25,25,38,396
25,25,39,396
25,25,40,396
25,25,41,396
25,25,42,396
25,25,43,396
25,25,44,396
25,25,45,396
25,25,46,396
25,25,47,396
25,25,48,396
25,25,49,396
25,25,50,396
25,25,51,396
25,25,52,396
25,25,53,396
25,25,54,396
25,25,55,396
25,25,56,396
25,25,57,396
25,25,58,396
50,25,59,397
50,50,0,397
50,50,1,397
50,50,2,397
50,50,3,397
50,50,4,397
50,50,5,397
50,50,6,397
50,50,7,397
50,50,8,397
50,50,9,397
50,50,10,397
50,50,11,397
50,50,12,397
50,50,13,397
50,50,14,397
50,50,15,397
50,50,16,397
50,50,17,397
50,50,18,397
50,50,19,397
50,50,20,397
50,50,21,397
50,50,22,397
50,50,23,397
50,50,24,397
50,50,25,397
50,50,26,397
50,50,27,397
50,50,28,397
50,50,29,397
50,50,30,397
50,50,31,397
50,50,32,397
50,50,33,397
50,50,34,397
50,50,35,397
50,50,36,397
50,50,37,397
50,50,38,397
50,50,39,397
50,50,40,397
50,50,41,397
50,50,42,397
50,50,43,397
50,50,44,397
50,50,45,397
50,50,46,397
50,50,47,397
50,50,48,397
50,50,49,397
50,50,50,397
50,50,51,397
50,50,52,397
50,50,53,397
50,50,54,397
50,50,55,397
50,50,56,397
50,50,57,397
50,50,58,397
75,50,59,398
75,75,0,398
75,75,1,398
75,75,2,398
75,75,3,398
75,75,4,398
75,75,5,398
75,75,6,398
75,75,7,398
75,75,8,398
75,75,9,398
75,75,10,398
75,75,11,398
75,75,12,398
75,75,13,398
75,75,14,398
75,75,15,398
75,75,16,398
75,75,17,398
75,75,18,398
75,75,19,398
75,75,20,398
75,75,21,398
75,75,22,398
75,75,23,398
75,75,24,398
75,75,25,398
75,75,26,398
75,75,27,398
75,75,28,398
75,75,29,398
75,75,30,398
75,75,31,398
75,75,32,398
75,75,33,398
75,75,34,398
75,75,35,398
75,75,36,398
75,75,37,398
75,75,38,398
75,75,39,398
75,75,40,398
75,75,41,398
75,75,42,398
75,75,43,398
75,75,44,398
75,75,45,398
75,75,46,398
75,75,47,398
75,75,48,398
75,75,49,398
75,75,50,398
75,75,51,398
75,75,52,398
75,75,53,398
75,75,54,398
75,75,55,398
75,75,56,398
75,75,57,398
75,75,58,398
100,75,59,399
100,100,0,399
100,100,1,399
100,100,2,399
100,100,3,399
100,100,4,400
100,100,5,401
100,100,6,402
100,100,7,403
100,100,8,404
100,100,9,405
100,100,10,406
100,100,11,407
100,100,12,408
100,100,13,409
100,100,14,410
100,100,15,411
100,100,16,412
100,100,17,413
100,100,18,414
100,100,19,415
100,100,20,415
100,100,21,416
100,100,22,417
100,100,23,418
100,100,24,419
100,100,25,420
100,100,26,421
100,100,27,422
100,100,28,423
100,100,29,424
100,100,30,425
100,100,31,426
100,100,32,427
100,100,33,428
100,100,34,429
100,100,35,430
100,100,36,431
100,100,37,432
100,100,38,433
100,100,39,434
100,100,40,435
100,100,41,436
100,100,42,437
100,100,43,438
100,100,44,439
100,100,45,440
100,100,46,441
100,100,47,442
100,100,48,443
100,100,49,444
100,100,50,445
100,100,51,446
100,100,52,447
100,100,53,448
100,100,54,449
100,100,55,450
100,100,56,451
100,100,57,452
100,100,58,453
100,100,59,454
0,100,60,455
0,0,0,455
100,0,1,456
100,100,0,457
100,100,1,458
100,100,2,459
100,100,3,460
100,100,4,460
100,100,5,460
100,100,6,460
100,100,7,460
100,100,8,460
100,100,9,460
100,100,10,460
100,100,11,460
100,100,12,460
100,100,13,460
100,100,14,460
100,100,15,460
100,100,16,460
100,100,17,460
100,100,18,460
100,100,19,460
100,100,20,460
100,100,21,460
100,100,22,460
100,100,23,460
100,100,24,460
100,100,25,460
100,100,26,460
100,100,27,460
100,100,28,460
100,100,29,460
100,100,30,460
100,100,31,460
100,100,32,460
100,100,33,460
100,100,34,460
100,100,35,460
100,100,36,460
100,100,37,460
100,100,38,460
100,100,39,460
100,100,40,460
100,100,41,460
100,100,42,460
100,100,43,460
100,100,44,460
100,100,45,460
100,100,46,460
100,100,47,460
100,100,48,460
100,100,49,460
100,100,50,460
100,100,51,460
100,100,52,460
100,100,53,460
100,100,54,460
100,100,55,460
25,100,56,461
25,25,0,461
25,25,1,461
25,25,2,461
25,25,3,461
25,25,4,461
25,25,5,461
25,25,6,461
25,25,7,461
25,25,8,461
25,25,9,461
25,25,10,461
25,25,11,461
25,25,12,461
25,25,13,461
25,25,14,461
25,25,15,461
25,25,16,461
25,25,17,461
25,25,18,461
25,25,19,461
25,25,20,461
25,25,21,461
25,25,22,461
25,25,23,461
25,25,24,461
25,25,25,461
25,25,26,461
25,25,27,461
25,25,28,461
25,25,29,461
25,25,30,461
25,25,31,461
25,25,32,461
25,25,33,461
25,25,34,461
25,25,35,461
25,25,36,461
25,25,37,461
25,25,38,461
25,25,39,461
25,25,40,461
25,25,41,461
25,25,42,461
25,25,43,461
25,25,44,461
25,25,45,461
25,25,46,461
25,25,47,461
25,25,48,461
25,25,49,461
25,25,50,461
25,25,51,461
25,25,52,461
25,25,53,461
25,25,54,461
25,25,55,461
25,25,56,461
25,25,57,461
25,25,58,461
50,25,59,462
50,50,0,462
50,50,1,462
50,50,2,462
50,50,3,462
50,50,4,462
50,50,5,462
50,50,6,462
50,50,7,462
50,50,8,462
50,50,9,462
50,50,10,462
50,50,11,462
50,50,12,462
50,50,13,462
50,50,14,462
50,50,15,462
50,50,16,462
50,50,17,462
50,50,18,462
50,50,19,462
50,50,20,462
50,50,21,462
50,50,22,462
50,50,23,462
50,50,24,462
50,50,25,462
50,50,26,462
50,50,27,462
50,50,28,462
50,50,29,462
50,50,30,462
50,50,31,462
50,50,32,462
50,50,33,462
50,50,34,462
50,50,35,462
50,50,36,462
50,50,37,462
50,50,38,462
50,50,39,462
50,50,40,462
50,50,41,462
50,50,42,462
50,50,43,462
50,50,44,462
50,50,45,462
50,50,46,462
50,50,47,462
50,50,48,462
50,50,49,462
50,50,50,462
50,50,51,462
50,50,52,462
50,50,53,462
50,50,54,462
50,50,55,462
50,50,56,462
50,50,57,462
50,50,58,462
75,50,59,463
75,75,0,463
75,75,1,463
75,75,2,463
75,75,3,463
75,75,4,463
75,75,5,463
75,75,6,463
75,75,7,463
75,75,8,463
75,75,9,463
75,75,10,463
75,75,11,463
75,75,12,463
75,75,13,463
75,75,14,463
75,75,15,463
75,75,16,463
75,75,17,463
75,75,18,463
75,75,19,463
75,75,20,463
75,75,21,463
75,75,22,463
75,75,23,463
75,75,24,463
75,75,25,463
75,75,26,463
75,75,27,463
75,75,28,463
75,75,29,463
75,75,30,463
75,75,31,463
75,75,32,463
75,75,33,463
75,75,34,463
75,75,35,463
75,75,36,463
75,75,37,463
75,75,38,463
75,75,39,463
75,75,40,463
75,75,41,463
75,75,42,463
75,75,43,463
75,75,44,463
75,75,45,463
75,75,46,463
75,75,47,463
75,75,48,463
75,75,49,463
75,75,50,463
75,75,51,463
75,75,52,463
75,75,53,463
75,75,54,463
75,75,55,463
75,75,56,463
75,75,57,463
75,75,58,463
100,75,59,464
100,100,0,464
100,100,1,464
100,100,2,464
100,100,3,464
100,100,4,464
100,100,5,464
100,100,6,464
100,100,7,464
100,100,8,464
100,100,9,464
100,100,10,464
100,100,11,464
100,100,12,464
100,100,13,464
100,100,14,464
100,100,15,464
100,100,16,464
100,100,17,464
100,100,18,464
100,100,19,464
100,100,20,464
100,100,21,464
100,100,22,464
100,100,23,464
100,100,24,464
100,100,25,464
100,100,26,464
100,100,27,464
100,100,28,464
100,100,29,464
100,100,30,464
100,100,31,464
100,100,32,464
100,100,33,464
100,100,34,464
100,100,35,464
100,100,36,464
100,100,37,464
100,100,38,464
100,100,39,464
100,100,40,464
100,100,41,464
100,100,42,464
100,100,43,464
100,100,44,464
100,100,45,464
100,100,46,464
100,100,47,464
100,100,48,464
100,100,49,464
100,100,50,464
100,100,51,464
100,100,52,464
100,100,53,464
100,100,54,464
100,100,55,464
100,100,56,464
100,100,57,464
100,100,58,464
0,100,59,465
0,0,0,465
0,0,1,465
0,0,2,465
0,0,3,465
0,0,4,465
0,0,5,465
0,0,6,465
0,0,7,465
0,0,8,465
0,0,9,465
0,0,10,465
0,0,11,465
100,0,12,466
100,100,0,467
100,100,1,468
100,100,2,469
100,100,3,470
100,100,4,471
100,100,5,472
100,100,6,473
100,100,7,474
100,100,8,475
100,100,9,476
100,100,10,477
100,100,11,478
100,100,12,479
100,100,13,480
100,100,14,481
100,100,15,482
100,100,16,483
100,100,17,484
100,100,18,485
100,100,19,486
100,100,20,487
100,100,21,488
100,100,22,489
100,100,23,490
100,100,24,491
100,100,25,492
100,100,26,493
100,100,27,494
100,100,28,495
100,100,29,496
100,100,30,497
100,100,31,498
100,100,32,499
100,100,33,500
100,100,34,501
100,100,35,502
100,100,36,503
100,100,37,504
100,100,38,505
100,100,39,506
100,100,40,507
100,100,41,508
100,100,42,509
100,100,43,510
100,100,44,511
100,100,45,512
25,100,46,513
25,25,0,513
100,25,1,514
100,100,0,515
100,100,1,516
100,100,2,517
100,100,3,518
100,100,4,519
100,100,5,520
100,100,6,521
100,100,7,522
100,100,8,523
100,100,9,524
100,100,10,525
100,100,11,526
100,100,12,526
100,100,13,526
100,100,14,526
100,100,15,526
100,100,16,526
100,100,17,526
100,100,18,526
100,100,19,526
100,100,20,526
100,100,21,526
100,100,22,526
100,100,23,526
100,100,24,526
100,100,25,526
100,100,26,526
100,100,27,526
100,100,28,526
100,100,29,526
100,100,30,526
100,100,31,526
100,100,32,526
100,100,33,526
100,100,34,526
100,100,35,526
100,100,36,526
100,100,37,526
100,100,38,526
100,100,39,526
100,100,40,526
100,100,41,526
100,100,42,526
100,100,43,526
100,100,44,526
100,100,45,526
100,100,46,526
100,100,47,526
100,100,48,526
100,100,49,526
100,100,50,526
100,100,51,526
100,100,52,526
100,100,53,526
100,100,54,526
100,100,55,526
100,100,56,526
50,100,57,527
50,50,0,527
50,50,1,527
50,50,2,527
50,50,3,527
50,50,4,527
50,50,5,527
50,50,6,527
50,50,7,527
50,50,8,527
50,50,9,527
50,50,10,527
50,50,11,527
50,50,12,527
50,50,13,527
50,50,14,527
50,50,15,527
50,50,16,527
50,50,17,527
50,50,18,527
50,50,19,527
50,50,20,527
50,50,21,527
50,50,22,527
50,50,23,527
50,50,24,527
50,50,25,527
50,50,26,527
50,50,27,527